{"level":30,"time":1748448279829,"pid":67120,"hostname":"Les-MacBook-Pro.local","email":"hoan2@gmail.com","name":"Lê Khải Hoàn","password":"123","msg":"Registering user"}
{"level":30,"time":1748498557382,"pid":74095,"hostname":"Les-MacBook-Pro.local","email":"hoan3@gmail.com","name":"Lê Khải Hoàn","password":"123","msg":"Registering user"}
{"level":50,"time":1748750869139,"pid":26511,"hostname":"Les-MacBook-Pro.local","error":{},"msg":"Login user error"}
{"level":50,"time":1748750912461,"pid":26687,"hostname":"Les-MacBook-Pro.local","error":{},"msg":"Login user error"}
{"level":50,"time":1748750937860,"pid":26773,"hostname":"Les-MacBook-Pro.local","error":{},"msg":"Login user error"}
{"level":50,"time":1748750965568,"pid":26866,"hostname":"Les-MacBook-Pro.local","error":{},"msg":"Login user error"}
{"level":50,"time":1748750971930,"pid":26866,"hostname":"Les-MacBook-Pro.local","error":{},"msg":"Login user error"}
{"level":50,"time":1748750988543,"pid":26950,"hostname":"Les-MacBook-Pro.local","error":{},"msg":"Login user error"}
{"level":50,"time":1748751002112,"pid":27005,"hostname":"Les-MacBook-Pro.local","error":{},"msg":"Login user error"}
{"level":50,"time":1748751009568,"pid":27037,"hostname":"Les-MacBook-Pro.local","error":{},"msg":"Login user error"}
{"level":30,"time":1748751444644,"pid":28355,"hostname":"Les-MacBook-Pro.local","email":"admin123@gmail.com","name":"admin1","password":"123","msg":"Registering admin"}
{"level":30,"time":1748751521218,"pid":28710,"hostname":"Les-MacBook-Pro.local","email":"admin123@gmail.com","name":"admin1","password":"123","msg":"Registering admin"}
{"level":30,"time":1748869670936,"pid":89365,"hostname":"Les-MacBook-Pro.local","email":"admin123@gmail.com","name":"admin1","password":"123","msg":"Registering admin"}
{"level":30,"time":1748869701855,"pid":89365,"hostname":"Les-MacBook-Pro.local","email":"admin1234@gmail.com","name":"admin2","password":"123","msg":"Registering admin"}
{"level":30,"time":1748869851847,"pid":90345,"hostname":"Les-MacBook-Pro.local","email":"admin1234@gmail.com","name":"admin2","password":"123","msg":"Registering admin"}
{"level":30,"time":1748869863337,"pid":90345,"hostname":"Les-MacBook-Pro.local","email":"admin12345@gmail.com","name":"admin3","password":"123","msg":"Registering admin"}
{"level":30,"time":1749008901057,"pid":14212,"hostname":"Admin-PC","email":"vinh@gmail.com","name":"vinh","password":"123","msg":"Registering user"}
{"level":30,"time":1749008928472,"pid":14212,"hostname":"Admin-PC","email":"vinh@gmail.com","password":"123","msg":"Logging in user"}
{"level":30,"time":1749009778594,"pid":10584,"hostname":"Admin-PC","email":"ti@gmail.com","name":"ti","password":"123","msg":"Registering admin"}
{"level":50,"time":1749009798632,"pid":10584,"hostname":"Admin-PC","error":{},"msg":"Login user error"}
{"level":30,"time":1749009816706,"pid":10584,"hostname":"Admin-PC","email":"ti@gmail.com","password":"123","msg":"Logging in user"}
{"level":30,"time":1749013212177,"pid":16720,"hostname":"Admin-PC","email":"ti@gmail.com","password":"123","msg":"Logging in user"}
{"level":30,"time":1749474280005,"pid":20560,"hostname":"Admin-PC","email":"ti@gmail.com","password":"123","msg":"Logging in user"}
{"level":30,"time":1749648955897,"pid":3296,"hostname":"Admin-PC","email":"ti@gmail.com","password":"123","msg":"Logging in user"}
